Unity Player [version: Unity 5.1.2f1_afd2369b692a]

KissyGhost_May5.exe caused an Access Violation (0xc0000005)
  in module KissyGhost_May5.exe at 0023:01521d42.

Error occurred at 2016-05-05_145528.
C:\Users\zachary.bruin\Desktop\GitHub\Kissy_Ghost\KissyGhost\KissyGhost_May5.exe, run by zachary.bruin.
36% memory in use.
0 MB physical memory [0 MB free].
0 MB paging file [0 MB free].
0 MB user address space [3668 MB free].
Write to location 4e5f47cc caused an access violation.

Context:
EDI:    0x00000203  ESI: 0x00b81a94  EAX:   0x4e5f474b
EBX:    0x00000001  ECX: 0x054a7cc0  EDX:   0x00000000
EIP:    0x01521d42  EBP: 0x0047fc40  SegCs: 0x00000023
EFlags: 0x00210293  ESP: 0x0047fb58  SegSs: 0x0000002b

Bytes at CS:EIP:
c6 80 81 00 00 00 00 8b 0e 80 b9 80 00 00 00 00 

Stack:
0x0047fb58: 03b8d420 012ce44c 00000000 00000000  ...L.,.........
0x0047fb68: 77209cc0 01d2b7bc 086da3b0 0047f900 .. w......m...G.
0x0047fb78: 00000000 00000000 00000000 00470101 ..............G.
0x0047fb88: 00000000 00000000 00000000 00000000 ................
0x0047fb98: 00000000 00000000 00000000 00000000 ................
0x0047fba8: 00000000 00000000 00000000 00000000 ................
0x0047fbb8: 00000000 00000000 00000000 00000000 ................
0x0047fbc8: 00000000 00000000 00000000 00000000 ................
0x0047fbd8: 00000000 00000000 00000000 00000000 ................
0x0047fbe8: 00000000 00000000 00000000 00000000 ................
0x0047fbf8: 00000000 00000000 00000000 00000000 ................
0x0047fc08: 00000000 00000000 00000000 00000000 ................
0x0047fc18: 00000000 00000000 00000000 00000000 ................
0x0047fc28: 00000000 00000000 00000000 00000001 ................
0x0047fc38: 03b8d420 0100fc4c 0047fc7c 01372ef1  ...L...|.G...7.
0x0047fc48: 00000000 00000001 00000000 00000010 ................
0x0047fc58: 00000000 001803d2 00000102 00000020 ............ ...
0x0047fc68: 00390001 2e06a0a9 000005ad 00000290 ..9.............
0x0047fc78: 00000378 0047fdb0 01374c15 01701a0b x.....G..L7...p.
0x0047fc88: 00000000 ff354000 00b8bb50 000001ff .....@5.P.......
0x0047fc98: 00000000 1c03c163 0000005a 0000005f ....c...Z..._...
0x0047fca8: 00000002 00b8baf0 006025a8 01e65ef8 .........%`..^..
0x0047fcb8: 7fffffff 0000005f 0000005f 006025a8 ...._..._....%`.
0x0047fcc8: 01e65ef8 0000000f 0000000f 7fffffff .^..............
0x0047fcd8: 00000000 01f228b0 00601a30 0000000f .....(..0.`.....
0x0047fce8: 0047fd00 0047fd1c 0171ca7d 006025a8 ..G...G.}.q..%`.
0x0047fcf8: 01e65ef8 0000000f 00b8fc00 7fffffff .^..............
0x0047fd08: 00000000 01f228b0 00000060 0000006f .....(..`...o...
0x0047fd18: 0047fd00 00b8bdf0 0170bccc 006025a8 ..G.......p..%`.
0x0047fd28: 01e65ef8 00000051 0000005f 756e6547 .^..Q..._...Genu
0x0047fd38: 616e614d 00646567 00000000 00000004 Managed.........
0x0047fd48: 00000007 0000000f 0047fd5c 00a50230 ........\.G.0...
0x0047fd58: 00b73a10 00b73a48 00b73a48 0047fd94 .:..H:..H:....G.
0x0047fd68: 72637300 696e6565 6c640064 0170006c .screenid.dll.p.
0x0047fd78: 00000000 0000000f 0047fda0 00000000 ..........G.....
0x0047fd88: 0047fda0 016fc297 00623eb9 00000000 ..G...o..>b.....
0x0047fd98: 0000000f 00000000 00000000 00a50230 ............0...
0x0047fda8: 00000000 00a50270 0047fdc8 016c5d08 ....p.....G..]l.
0x0047fdb8: 01100000 00000000 00623ebb 00000001 .........>b.....
0x0047fdc8: 0047fe58 017019b8 01100000 00000000 X.G...p.........
0x0047fdd8: 00623ebb 00000001 2baa8d56 01701a0b .>b.....V..+..p.
0x0047fde8: 01701a0b ff354000 00000044 0062212c ..p..@5.D...,!b.
0x0047fdf8: 0062210c 0062206a 00000000 00000000 .!b.j b.........
0x0047fe08: 00000000 00000000 00000000 00000000 ................
0x0047fe18: 00000000 00000401 00000001 00000000 ................
0x0047fe28: 00000000 00010001 00000000 c0000005 ................
0x0047fe38: 01701a0b 00000000 0047fde0 0047f704 ..p.......G...G.
0x0047fe48: 0047fea4 01703780 2a0139d6 00000000 ..G..7p..9.*....
0x0047fe58: 0047fe6c 74e67c04 ff354000 74e67be0 l.G..|.t.@5..{.t
0x0047fe68: 23cee7b7 0047feb4 7760ab8f ff354000 ...#..G...`w.@5.
0x0047fe78: 2050aba3 00000000 00000000 ff354000 ..P .........@5.
0x0047fe88: c0000005 76ebf580 00000000 0047f6e4 .......v......G.
0x0047fe98: 2050aba3 0047fe78 0047f6e4 0047febc ..P x.G...G...G.
0x0047fea8: 77647380 5777feb7 00000000 0047fec4 .sdw..wW......G.
0x0047feb8: 7760ab5a ffffffff 775effd3 00000000 Z.`w......^w....
0x0047fec8: 00000000 01701a0b ff354000 00000000 ......p..@5.....
0x0047fed8: 00000000 00000000 00000000 00000000 ................
0x0047fee8: 00000000 00000000 00000000 00000000 ................
0x0047fef8: 00000000 00000000 00000000 00000000 ................
0x0047ff08: 00000000 00000000 00000000 00000000 ................
0x0047ff18: 00000000 00000000 00000000 00000000 ................
0x0047ff28: 00000000 00000000 00000000 00000000 ................
0x0047ff38: 00000000 00000000 00000000 00000000 ................
0x0047ff48: 00000000 00000000 00000000 00000000 ................
0x0047ff58: 00000000 00000000 00000000 00000000 ................
0x0047ff68: 00000000 00000000 00000000 00000000 ................
0x0047ff78: 00000000 00000000 00000000 00000000 ................
0x0047ff88: 00000000 00000000 00000000 00000000 ................
0x0047ff98: 00000000 00000000 00000000 00000000 ................
0x0047ffa8: 00000000 00000000 00000000 00000000 ................
0x0047ffb8: 00000000 00000000 00000000 00000000 ................
0x0047ffc8: 00000000 00000000 00000000 00000000 ................
0x0047ffd8: 00000000 00000000 00000000 00000000 ................
0x0047ffe8: 00000000 00000000 00000000 00000000 ................
0x0047fff8: 00000000 00000000                   ........

Module 1
C:\Users\zachary.bruin\Desktop\GitHub\Kissy_Ghost\KissyGhost\KissyGhost_May5.exe
Image Base: 0x01100000  Image Size: 0x0101c000
File Size:  16104408    File Time:  2015-07-11_041802
Version:
   Company:    
   Product:    
   FileDesc:   
   FileVer:    5.1.2.53814
   ProdVer:    5.1.2.53814

Module 2
C:\Windows\SYSTEM32\xinput1_3.dll
Image Base: 0x00400000  Image Size: 0x00016000
File Size:  81768       File Time:  2007-04-04_205342
Version:
   Company:    Microsoft Corporation
   Product:    Microsoft® DirectX for Windows®
   FileDesc:   Microsoft Common Controller API
   FileVer:    9.18.944.0
   ProdVer:    9.18.944.0

Module 3
C:\Users\zachary.bruin\Desktop\GitHub\Kissy_Ghost\KissyGhost\KissyGhost_May5_Data\Mono\mono.dll
Image Base: 0x10000000  Image Size: 0x00230000
File Size:  2110424     File Time:  2015-07-11_041802
Version:
   Company:    Unity Technologies
   Product:    libmono
   FileDesc:   Unity Technologies fork of mono runtime
   FileVer:    1.0.0.1
   ProdVer:    1.0.0.1

Module 4
C:\Windows\SYSTEM32\atidxx32.dll
Image Base: 0x56e00000  Image Size: 0x007ff000
File Size:  8406024     File Time:  2014-07-22_000420
Version:
   Company:    Advanced Micro Devices, Inc. 
   Product:    Advanced Micro Devices, Inc. Radeon DirectX 11 Driver
   FileDesc:   atidxx32.dll
   FileVer:    8.17.10.525
   ProdVer:    8.17.10.525

Module 5
C:\Users\zachary.bruin\Desktop\GitHub\Kissy_Ghost\KissyGhost\KissyGhost_May5_Data\Plugins\AkSoundEngine.dll
Image Base: 0x5aed0000  Image Size: 0x00140000
File Size:  1293312     File Time:  2016-04-06_091416
Version:
   Company:    
   Product:    
   FileDesc:   
   FileVer:    0.0.0.0
   ProdVer:    0.0.0.0

Module 6
C:\Windows\SYSTEM32\XAudio2_7.dll
Image Base: 0x5b120000  Image Size: 0x0008e000
File Size:  527192      File Time:  2010-06-02_065530
Version:
   Company:    Microsoft Corporation
   Product:    Microsoft® DirectX for Windows®
   FileDesc:   XAudio2 Game Audio API
   FileVer:    9.29.1962.0
   ProdVer:    9.29.1962.0

Module 7
C:\Windows\SYSTEM32\DDRAW.dll
Image Base: 0x5b1b0000  Image Size: 0x000ec000
File Size:  544256      File Time:  2014-10-28_195248
Version:
   Company:    Microsoft Corporation
   Product:    Microsoft® Windows® Operating System
   FileDesc:   Microsoft DirectDraw
   FileVer:    6.3.9600.17415
   ProdVer:    6.3.9600.17415

Module 8
C:\Windows\SYSTEM32\OPENGL32.dll
Image Base: 0x5b2a0000  Image Size: 0x000de000
File Size:  777728      File Time:  2014-10-28_205752
Version:
   Company:    Microsoft Corporation
   Product:    Microsoft® Windows® Operating System
   FileDesc:   OpenGL Client DLL
   FileVer:    6.3.9600.17415
   ProdVer:    6.3.9600.17415

Module 9
C:\Windows\SYSTEM32\d3d11.dll
Image Base: 0x5b570000  Image Size: 0x001d9000
File Size:  1946144     File Time:  2014-10-28_221204
Version:
   Company:    Microsoft Corporation
   Product:    Microsoft® Windows® Operating System
   FileDesc:   Direct3D 11 Runtime
   FileVer:    6.3.9600.17415
   ProdVer:    6.3.9600.17415

Module 10
C:\Windows\SYSTEM32\DCIMAN32.dll
Image Base: 0x5b930000  Image Size: 0x00007000
File Size:  11776       File Time:  2014-10-28_210002
Version:
   Company:    Microsoft Corporation
   Product:    Microsoft® Windows® Operating System
   FileDesc:   DCI Manager
   FileVer:    6.3.9600.17415
   ProdVer:    6.3.9600.17415

Module 11
C:\Windows\SYSTEM32\GLU32.dll
Image Base: 0x5b940000  Image Size: 0x00025000
File Size:  140288      File Time:  2014-10-28_205952
Version:
   Company:    Microsoft Corporation
   Product:    Microsoft® Windows® Operating System
   FileDesc:   OpenGL Utility Library DLL
   FileVer:    6.3.9600.17415
   ProdVer:    6.3.9600.17415

Module 12
C:\Windows\SYSTEM32\MSACM32.dll
Image Base: 0x5b970000  Image Size: 0x00017000
File Size:  89816       File Time:  2014-10-28_220702
Version:
   Company:    Microsoft Corporation
   Product:    Microsoft® Windows® Operating System
   FileDesc:   Microsoft ACM Audio Filter
   FileVer:    6.3.9600.17415
   ProdVer:    6.3.9600.17415

Module 13
C:\Windows\SYSTEM32\dxgi.dll
Image Base: 0x64500000  Image Size: 0x00069000
File Size:  430176      File Time:  2014-10-28_221204
Version:
   Company:    Microsoft Corporation
   Product:    Microsoft® Windows® Operating System
   FileDesc:   DirectX Graphics Infrastructure
   FileVer:    6.3.9600.17415
   ProdVer:    6.3.9600.17415

Module 14
C:\Windows\SYSTEM32\atiuxpag.dll
Image Base: 0x647e0000  Image Size: 0x00022000
File Size:  126336      File Time:  2014-07-22_000458
Version:
   Company:    Advanced Micro Devices, Inc. 
   Product:    Advanced Micro Devices, Inc PowerXpress Vista DX10 User Mode Driver
   FileDesc:   atiuxpag.dll
   FileVer:    8.14.1.6354
   ProdVer:    8.14.1.6354

Module 15
C:\Windows\SYSTEM32\avrt.dll
Image Base: 0x65a10000  Image Size: 0x0000a000
File Size:  31496       File Time:  2014-10-28_221134
Version:
   Company:    Microsoft Corporation
   Product:    Microsoft® Windows® Operating System
   FileDesc:   Multimedia Realtime Runtime
   FileVer:    6.3.9600.17415
   ProdVer:    6.3.9600.17415

Module 16
C:\Windows\System32\MMDevApi.dll
Image Base: 0x65c40000  Image Size: 0x00053000
File Size:  331048      File Time:  2014-10-28_220702
Version:
   Company:    Microsoft Corporation
   Product:    Microsoft® Windows® Operating System
   FileDesc:   MMDevice API
   FileVer:    6.3.9600.17415
   ProdVer:    6.3.9600.17415

Module 17
C:\Windows\SYSTEM32\AUDIOSES.DLL
Image Base: 0x65ca0000  Image Size: 0x00060000
File Size:  370424      File Time:  2014-10-28_220710
Version:
   Company:    Microsoft Corporation
   Product:    Microsoft® Windows® Operating System
   FileDesc:   Audio Session
   FileVer:    6.3.9600.17415
   ProdVer:    6.3.9600.17415

Module 18
C:\Windows\SYSTEM32\aticfx32.dll
Image Base: 0x65d50000  Image Size: 0x00110000
File Size:  1100216     File Time:  2014-07-22_000416
Version:
   Company:    Advanced Micro Devices, Inc. 
   Product:    AMD Inc. Radeon DirectX 11 Driver
   FileDesc:   aticfx32.dll
   FileVer:    8.17.10.1247
   ProdVer:    8.17.10.1247

Module 19
C:\Windows\SYSTEM32\HID.DLL
Image Base: 0x67c70000  Image Size: 0x0000a000
File Size:  26624       File Time:  2014-10-28_200540
Version:
   Company:    Microsoft Corporation
   Product:    Microsoft® Windows® Operating System
   FileDesc:   Hid User Library
   FileVer:    6.3.9600.17415
   ProdVer:    6.3.9600.17415

Module 20
C:\Windows\SYSTEM32\powrprof.dll
Image Base: 0x67cc0000  Image Size: 0x00040000
File Size:  255136      File Time:  2014-10-28_221846
Version:
   Company:    Microsoft Corporation
   Product:    Microsoft® Windows® Operating System
   FileDesc:   Power Profile Helper DLL
   FileVer:    6.3.9600.17415
   ProdVer:    6.3.9600.17415

Module 21
C:\Windows\SYSTEM32\dbghelp.dll
Image Base: 0x6f350000  Image Size: 0x00141000
File Size:  1207296     File Time:  2015-03-31_213102
Version:
   Company:    Microsoft Corporation
   Product:    Microsoft® Windows® Operating System
   FileDesc:   Windows Image Helper
   FileVer:    6.3.9600.17787
   ProdVer:    6.3.9600.17787

Module 22
C:\Windows\WinSxS\x86_microsoft.windows.common-controls_6595b64144ccf1df_6.0.9600.17810_none_a9edf09f013934e0\comctl32.dll
Image Base: 0x6f4a0000  Image Size: 0x00206000
File Size:  2105856     File Time:  2015-04-24_213428
Version:
   Company:    Microsoft Corporation
   Product:    Microsoft® Windows® Operating System
   FileDesc:   User Experience Controls Library
   FileVer:    6.10.9600.17810
   ProdVer:    6.3.9600.17810

Module 23
C:\Windows\SYSTEM32\MSVCR100.dll
Image Base: 0x6fbd0000  Image Size: 0x000bf000
File Size:  773968      File Time:  2011-06-11_035852
Version:
   Company:    Microsoft Corporation
   Product:    Microsoft® Visual Studio® 2010
   FileDesc:   Microsoft® C Runtime Library
   FileVer:    10.0.40219.325
   ProdVer:    10.0.40219.325

Module 24
C:\Windows\system32\dwmapi.dll
Image Base: 0x717c0000  Image Size: 0x0001a000
File Size:  102728      File Time:  2014-10-28_221204
Version:
   Company:    Microsoft Corporation
   Product:    Microsoft® Windows® Operating System
   FileDesc:   Microsoft Desktop Window Manager API
   FileVer:    6.3.9600.17415
   ProdVer:    6.3.9600.17415

Module 25
C:\Windows\SYSTEM32\DNSAPI.dll
Image Base: 0x72230000  Image Size: 0x0007e000
File Size:  498688      File Time:  2014-11-04_202044
Version:
   Company:    Microsoft Corporation
   Product:    Microsoft® Windows® Operating System
   FileDesc:   DNS Client API DLL
   FileVer:    6.3.9600.17481
   ProdVer:    6.3.9600.17481

Module 26
C:\Windows\SYSTEM32\MSWSOCK.dll
Image Base: 0x722b0000  Image Size: 0x0004b000
File Size:  286208      File Time:  2014-10-28_200618
Version:
   Company:    Microsoft Corporation
   Product:    Microsoft® Windows® Operating System
   FileDesc:   Microsoft Windows Sockets 2.0 Service Provider
   FileVer:    6.3.9600.17415
   ProdVer:    6.3.9600.17415

Module 27
C:\Windows\SYSTEM32\WINNSI.DLL
Image Base: 0x72340000  Image Size: 0x00008000
File Size:  26304       File Time:  2014-10-28_220516
Version:
   Company:    Microsoft Corporation
   Product:    Microsoft® Windows® Operating System
   FileDesc:   Network Store Information RPC interface
   FileVer:    6.3.9600.17415
   ProdVer:    6.3.9600.17415

Module 28
C:\Windows\SYSTEM32\IPHLPAPI.DLL
Image Base: 0x72350000  Image Size: 0x00020000
File Size:  120864      File Time:  2014-10-28_220516
Version:
   Company:    Microsoft Corporation
   Product:    Microsoft® Windows® Operating System
   FileDesc:   IP Helper API
   FileVer:    6.3.9600.17415
   ProdVer:    6.3.9600.17415

Module 29
C:\Windows\SYSTEM32\WINMMBASE.dll
Image Base: 0x72930000  Image Size: 0x00023000
File Size:  134280      File Time:  2014-10-28_220702
Version:
   Company:    Microsoft Corporation
   Product:    Microsoft® Windows® Operating System
   FileDesc:   Base Multimedia Extension API DLL
   FileVer:    6.3.9600.17415
   ProdVer:    6.3.9600.17415

Module 30
C:\Windows\SYSTEM32\WINHTTP.dll
Image Base: 0x72bb0000  Image Size: 0x0009f000
File Size:  631808      File Time:  2014-10-28_195622
Version:
   Company:    Microsoft Corporation
   Product:    Microsoft® Windows® Operating System
   FileDesc:   Windows HTTP Services
   FileVer:    6.3.9600.17415
   ProdVer:    6.3.9600.17415

Module 31
C:\Windows\SYSTEM32\WINMM.dll
Image Base: 0x739c0000  Image Size: 0x00023000
File Size:  136840      File Time:  2014-10-28_220702
Version:
   Company:    Microsoft Corporation
   Product:    Microsoft® Windows® Operating System
   FileDesc:   MCI API DLL
   FileVer:    6.3.9600.17415
   ProdVer:    6.3.9600.17415

Module 32
C:\Windows\SYSTEM32\kernel.appcore.dll
Image Base: 0x749f0000  Image Size: 0x00009000
File Size:  29920       File Time:  2014-10-28_221848
Version:
   Company:    Microsoft Corporation
   Product:    Microsoft® Windows® Operating System
   FileDesc:   AppModel API Host
   FileVer:    6.3.9600.17415
   ProdVer:    6.3.9600.17415

Module 33
C:\Windows\system32\uxtheme.dll
Image Base: 0x74a00000  Image Size: 0x000ed000
File Size:  949760      File Time:  2014-10-28_194830
Version:
   Company:    Microsoft Corporation
   Product:    Microsoft® Windows® Operating System
   FileDesc:   Microsoft UxTheme Library
   FileVer:    6.3.9600.17415
   ProdVer:    6.3.9600.17415

Module 34
C:\Windows\SYSTEM32\shcore.dll
Image Base: 0x74af0000  Image Size: 0x0008b000
File Size:  560392      File Time:  2015-01-23_000234
Version:
   Company:    Microsoft Corporation
   Product:    Microsoft® Windows® Operating System
   FileDesc:   SHCORE
   FileVer:    6.3.9600.17666
   ProdVer:    6.3.9600.17666

Module 35
C:\Windows\SYSTEM32\ntmarta.dll
Image Base: 0x74c50000  Image Size: 0x00028000
File Size:  154392      File Time:  2014-10-28_221538
Version:
   Company:    Microsoft Corporation
   Product:    Microsoft® Windows® Operating System
   FileDesc:   Windows NT MARTA provider
   FileVer:    6.3.9600.17415
   ProdVer:    6.3.9600.17415

Module 36
C:\Windows\SYSTEM32\DEVOBJ.dll
Image Base: 0x74c80000  Image Size: 0x00021000
File Size:  127552      File Time:  2014-10-28_221842
Version:
   Company:    Microsoft Corporation
   Product:    Microsoft® Windows® Operating System
   FileDesc:   Device Information Set DLL
   FileVer:    6.3.9600.17415
   ProdVer:    6.3.9600.17415

Module 37
C:\Windows\SYSTEM32\VERSION.dll
Image Base: 0x74d20000  Image Size: 0x00008000
File Size:  26304       File Time:  2014-10-28_221056
Version:
   Company:    Microsoft Corporation
   Product:    Microsoft® Windows® Operating System
   FileDesc:   Version Checking and File Installation Libraries
   FileVer:    6.3.9600.17415
   ProdVer:    6.3.9600.17415

Module 38
C:\Windows\SYSTEM32\bcryptPrimitives.dll
Image Base: 0x74d30000  Image Size: 0x00054000
File Size:  340872      File Time:  2015-12-03_135210
Version:
   Company:    Microsoft Corporation
   Product:    Microsoft® Windows® Operating System
   FileDesc:   Windows Cryptographic Primitives Library
   FileVer:    6.3.9600.18154
   ProdVer:    6.3.9600.18154

Module 39
C:\Windows\SYSTEM32\CRYPTBASE.dll
Image Base: 0x74d90000  Image Size: 0x0000a000
File Size:  30984       File Time:  2014-10-28_220516
Version:
   Company:    Microsoft Corporation
   Product:    Microsoft® Windows® Operating System
   FileDesc:   Base cryptographic API DLL
   FileVer:    6.3.9600.17415
   ProdVer:    6.3.9600.17415

Module 40
C:\Windows\SYSTEM32\SspiCli.dll
Image Base: 0x74da0000  Image Size: 0x0001e000
File Size:  104960      File Time:  2014-10-28_200606
Version:
   Company:    Microsoft Corporation
   Product:    Microsoft® Windows® Operating System
   FileDesc:   Security Support Provider Interface
   FileVer:    6.3.9600.17415
   ProdVer:    6.3.9600.17415

Module 41
C:\Windows\SYSTEM32\clbcatq.dll
Image Base: 0x74dc0000  Image Size: 0x0008d000
File Size:  569128      File Time:  2014-10-28_221002
Version:
   Company:    Microsoft Corporation
   Product:    Microsoft® Windows® Operating System
   FileDesc:   COM+ Configuration Catalog
   FileVer:    2001.12.10530.17415
   ProdVer:    6.3.9600.17415

Module 42
C:\Windows\SYSTEM32\KERNEL32.DLL
Image Base: 0x74e50000  Image Size: 0x00140000
File Size:  1040384     File Time:  2014-10-28_205824
Version:
   Company:    Microsoft Corporation
   Product:    Microsoft® Windows® Operating System
   FileDesc:   Windows NT BASE API Client DLL
   FileVer:    6.3.9600.17415
   ProdVer:    6.3.9600.17415

Module 43
C:\Windows\SYSTEM32\ole32.dll
Image Base: 0x74f90000  Image Size: 0x00129000
File Size:  1212248     File Time:  2016-03-02_203922
Version:
   Company:    Microsoft Corporation
   Product:    Microsoft® Windows® Operating System
   FileDesc:   Microsoft OLE for Windows
   FileVer:    6.3.9600.18256
   ProdVer:    6.3.9600.18256

Module 44
C:\Windows\SYSTEM32\RPCRT4.dll
Image Base: 0x750c0000  Image Size: 0x000ba000
File Size:  747520      File Time:  2015-06-27_114236
Version:
   Company:    Microsoft Corporation
   Product:    Microsoft® Windows® Operating System
   FileDesc:   Remote Procedure Call Runtime
   FileVer:    6.3.9600.17919
   ProdVer:    6.3.9600.17919

Module 45
C:\Windows\SYSTEM32\WS2_32.dll
Image Base: 0x75180000  Image Size: 0x00050000
File Size:  321248      File Time:  2014-10-28_220516
Version:
   Company:    Microsoft Corporation
   Product:    Microsoft® Windows® Operating System
   FileDesc:   Windows Socket 2.0 32-Bit DLL
   FileVer:    6.3.9600.17415
   ProdVer:    6.3.9600.17415

Module 46
C:\Windows\SYSTEM32\PSAPI.DLL
Image Base: 0x753e0000  Image Size: 0x00006000
File Size:  16504       File Time:  2014-10-28_221844
Version:
   Company:    Microsoft Corporation
   Product:    Microsoft® Windows® Operating System
   FileDesc:   Process Status Helper
   FileVer:    6.3.9600.17415
   ProdVer:    6.3.9600.17415

Module 47
C:\Windows\SYSTEM32\sechost.dll
Image Base: 0x753f0000  Image Size: 0x00041000
File Size:  257216      File Time:  2015-03-23_164506
Version:
   Company:    Microsoft Corporation
   Product:    Microsoft® Windows® Operating System
   FileDesc:   Host for SCM/SDDL/LSA Lookup APIs
   FileVer:    6.3.9600.17734
   ProdVer:    6.3.9600.17734

Module 48
C:\Windows\SYSTEM32\SHLWAPI.dll
Image Base: 0x75440000  Image Size: 0x00045000
File Size:  278352      File Time:  2014-10-28_221056
Version:
   Company:    Microsoft Corporation
   Product:    Microsoft® Windows® Operating System
   FileDesc:   Shell Light-weight Utility Library
   FileVer:    6.3.9600.17415
   ProdVer:    6.3.9600.17415

Module 49
C:\Windows\SYSTEM32\SHELL32.dll
Image Base: 0x756e0000  Image Size: 0x012bc000
File Size:  19795904    File Time:  2015-08-26_214252
Version:
   Company:    Microsoft Corporation
   Product:    Microsoft® Windows® Operating System
   FileDesc:   Windows Shell Common Dll
   FileVer:    6.3.9600.18038
   ProdVer:    6.3.9600.18038

Module 50
C:\Windows\SYSTEM32\cfgmgr32.dll
Image Base: 0x769a0000  Image Size: 0x0003c000
File Size:  241168      File Time:  2014-10-28_221848
Version:
   Company:    Microsoft Corporation
   Product:    Microsoft® Windows® Operating System
   FileDesc:   Configuration Manager DLL
   FileVer:    6.3.9600.17415
   ProdVer:    6.3.9600.17415

Module 51
C:\Windows\SYSTEM32\msvcrt.dll
Image Base: 0x769e0000  Image Size: 0x000c3000
File Size:  800008      File Time:  2014-10-28_220630
Version:
   Company:    Microsoft Corporation
   Product:    Microsoft® Windows® Operating System
   FileDesc:   Windows NT CRT DLL
   FileVer:    7.0.9600.17415
   ProdVer:    6.1.8638.17415

Module 52
C:\Windows\SYSTEM32\SETUPAPI.dll
Image Base: 0x76ac0000  Image Size: 0x001b1000
File Size:  1782912     File Time:  2014-10-28_221848
Version:
   Company:    Microsoft Corporation
   Product:    Microsoft® Windows® Operating System
   FileDesc:   Windows Setup API
   FileVer:    6.3.9600.17415
   ProdVer:    6.3.9600.17415

Module 53
C:\Windows\SYSTEM32\combase.dll
Image Base: 0x76c80000  Image Size: 0x0017d000
File Size:  1564496     File Time:  2016-01-19_132400
Version:
   Company:    Microsoft Corporation
   Product:    Microsoft® Windows® Operating System
   FileDesc:   Microsoft COM for Windows
   FileVer:    6.3.9600.18202
   ProdVer:    6.3.9600.18202

Module 54
C:\Windows\SYSTEM32\KERNELBASE.dll
Image Base: 0x76e00000  Image Size: 0x000d7000
File Size:  862720      File Time:  2016-01-19_123040
Version:
   Company:    Microsoft Corporation
   Product:    Microsoft® Windows® Operating System
   FileDesc:   Windows NT BASE API Client DLL
   FileVer:    6.3.9600.18202
   ProdVer:    6.3.9600.18202

Module 55
C:\Windows\SYSTEM32\NSI.dll
Image Base: 0x76ee0000  Image Size: 0x00007000
File Size:  20120       File Time:  2014-10-28_220516
Version:
   Company:    Microsoft Corporation
   Product:    Microsoft® Windows® Operating System
   FileDesc:   NSI User-mode interface DLL
   FileVer:    6.3.9600.17415
   ProdVer:    6.3.9600.17415

Module 56
C:\Windows\SYSTEM32\MSCTF.dll
Image Base: 0x76f50000  Image Size: 0x00112000
File Size:  1124352     File Time:  2015-03-14_031352
Version:
   Company:    Microsoft Corporation
   Product:    Microsoft® Windows® Operating System
   FileDesc:   MSCTF Server DLL
   FileVer:    6.3.9600.17706
   ProdVer:    6.3.9600.17706

Module 57
C:\Windows\SYSTEM32\OLEAUT32.dll
Image Base: 0x770d0000  Image Size: 0x00095000
File Size:  602776      File Time:  2014-12-19_032530
Version:
   Company:    Microsoft Corporation
   Product:    
   FileDesc:   
   FileVer:    6.3.9600.17560
   ProdVer:    6.3.9600.17560

Module 58
C:\Windows\SYSTEM32\IMM32.dll
Image Base: 0x771c0000  Image Size: 0x00027000
File Size:  141312      File Time:  2014-10-28_205950
Version:
   Company:    Microsoft Corporation
   Product:    Microsoft® Windows® Operating System
   FileDesc:   Multi-User Windows IMM32 API Client DLL
   FileVer:    6.3.9600.17415
   ProdVer:    6.3.9600.17415

Module 59
C:\Windows\SYSTEM32\USER32.dll
Image Base: 0x771f0000  Image Size: 0x00153000
File Size:  1376256     File Time:  2015-11-08_154822
Version:
   Company:    Microsoft Corporation
   Product:    Microsoft® Windows® Operating System
   FileDesc:   Multi-User Windows USER API Client DLL
   FileVer:    6.3.9600.18123
   ProdVer:    6.3.9600.18123

Module 60
C:\Windows\SYSTEM32\ADVAPI32.dll
Image Base: 0x77350000  Image Size: 0x0007c000
File Size:  507176      File Time:  2015-12-08_140750
Version:
   Company:    Microsoft Corporation
   Product:    Microsoft® Windows® Operating System
   FileDesc:   Advanced Windows 32 Base API
   FileVer:    6.3.9600.18155
   ProdVer:    6.3.9600.18155

Module 61
C:\Windows\SYSTEM32\GDI32.dll
Image Base: 0x773d0000  Image Size: 0x0010f000
File Size:  1097216     File Time:  2015-12-04_100038
Version:
   Company:    Microsoft Corporation
   Product:    Microsoft® Windows® Operating System
   FileDesc:   GDI Client DLL
   FileVer:    6.3.9600.18155
   ProdVer:    6.3.9600.18155

Module 62
C:\Windows\SYSTEM32\ntdll.dll
Image Base: 0x775b0000  Image Size: 0x0016f000
File Size:  1501496     File Time:  2016-03-03_133828
Version:
   Company:    Microsoft Corporation
   Product:    Microsoft® Windows® Operating System
   FileDesc:   NT Layer DLL
   FileVer:    6.3.9600.18258
   ProdVer:    6.3.9600.18258


== [end of error.log] ==
